  ConfigParser.cpp
d:\documents\salem fall 2019\csc 279 - c and c++\group project\project code\task list\task list\task list\configparser.h(7): error C4430: missing type specifier - int assumed. Note: C++ does not support default-int
d:\documents\salem fall 2019\csc 279 - c and c++\group project\project code\task list\task list\task list\configparser.h(26): error C3646: 'getSetting': unknown override specifier
d:\documents\salem fall 2019\csc 279 - c and c++\group project\project code\task list\task list\task list\configparser.h(26): error C2059: syntax error: '('
d:\documents\salem fall 2019\csc 279 - c and c++\group project\project code\task list\task list\task list\configparser.h(26): error C2238: unexpected token(s) preceding ';'
d:\documents\salem fall 2019\csc 279 - c and c++\group project\project code\task list\task list\task list\configparser.cpp(30): error C2143: syntax error: missing ';' before 'ConfigParser::searchForSetting'
d:\documents\salem fall 2019\csc 279 - c and c++\group project\project code\task list\task list\task list\configparser.cpp(30): error C4430: missing type specifier - int assumed. Note: C++ does not support default-int
d:\documents\salem fall 2019\csc 279 - c and c++\group project\project code\task list\task list\task list\configparser.cpp(31): error C4430: missing type specifier - int assumed. Note: C++ does not support default-int
d:\documents\salem fall 2019\csc 279 - c and c++\group project\project code\task list\task list\task list\configparser.cpp(31): error C2556: 'int ConfigParser::searchForSetting(void)': overloaded function differs only by return type from 'ConfigSetting ConfigParser::searchForSetting(void)'
  d:\documents\salem fall 2019\csc 279 - c and c++\group project\project code\task list\task list\task list\configparser.h(16): note: see declaration of 'ConfigParser::searchForSetting'
d:\documents\salem fall 2019\csc 279 - c and c++\group project\project code\task list\task list\task list\configparser.cpp(30): error C2371: 'ConfigParser::searchForSetting': redefinition; different basic types
  d:\documents\salem fall 2019\csc 279 - c and c++\group project\project code\task list\task list\task list\configparser.h(16): note: see declaration of 'ConfigParser::searchForSetting'
d:\documents\salem fall 2019\csc 279 - c and c++\group project\project code\task list\task list\task list\configparser.cpp(33): error C2064: term does not evaluate to a function taking 0 arguments
d:\documents\salem fall 2019\csc 279 - c and c++\group project\project code\task list\task list\task list\configparser.cpp(38): error C2039: 'getSetting': is not a member of 'ConfigParser'
  d:\documents\salem fall 2019\csc 279 - c and c++\group project\project code\task list\task list\task list\configparser.h(11): note: see declaration of 'ConfigParser'
d:\documents\salem fall 2019\csc 279 - c and c++\group project\project code\task list\task list\task list\configparser.cpp(38): error C4430: missing type specifier - int assumed. Note: C++ does not support default-int
d:\documents\salem fall 2019\csc 279 - c and c++\group project\project code\task list\task list\task list\configparser.cpp(38): error C2086: 'int configSetting': redefinition
  d:\documents\salem fall 2019\csc 279 - c and c++\group project\project code\task list\task list\task list\configparser.cpp(30): note: see declaration of 'configSetting'
d:\documents\salem fall 2019\csc 279 - c and c++\group project\project code\task list\task list\task list\configparser.cpp(38): error C2146: syntax error: missing ';' before identifier 'getSetting'
d:\documents\salem fall 2019\csc 279 - c and c++\group project\project code\task list\task list\task list\configparser.cpp(39): error C2143: syntax error: missing ';' before '{'
d:\documents\salem fall 2019\csc 279 - c and c++\group project\project code\task list\task list\task list\configparser.cpp(39): error C2447: '{': missing function header (old-style formal list?)
  ConfigSetting.cpp
c1xx : fatal error C1083: Cannot open source file: 'ConfigSetting.cpp': No such file or directory
  Main.cpp
d:\documents\salem fall 2019\csc 279 - c and c++\group project\project code\task list\task list\task list\main.cpp(8): error C2039: 'filesystem': is not a member of 'std'
  d:\programs\x86\microsoft visual studio\2017\community\vc\tools\msvc\14.16.27023\include\experimental\filesystem(30): note: see declaration of 'std'
d:\documents\salem fall 2019\csc 279 - c and c++\group project\project code\task list\task list\task list\main.cpp(8): error C2878: 'filesystem': a namespace or class of this name does not exist
d:\documents\salem fall 2019\csc 279 - c and c++\group project\project code\task list\task list\task list\main.cpp(10): error C2065: 'fs': undeclared identifier
  Menu.cpp
d:\documents\salem fall 2019\csc 279 - c and c++\group project\project code\task list\task list\task list\task.h(9): error C3646: 'dateCreated': unknown override specifier
d:\documents\salem fall 2019\csc 279 - c and c++\group project\project code\task list\task list\task list\task.h(9): error C4430: missing type specifier - int assumed. Note: C++ does not support default-int
d:\documents\salem fall 2019\csc 279 - c and c++\group project\project code\task list\task list\task list\task.h(16): error C2061: syntax error: identifier 'DateTime'
d:\documents\salem fall 2019\csc 279 - c and c++\group project\project code\task list\task list\task list\task.h(17): error C3646: 'getDateCreated': unknown override specifier
d:\documents\salem fall 2019\csc 279 - c and c++\group project\project code\task list\task list\task list\task.h(17): error C2059: syntax error: '('
d:\documents\salem fall 2019\csc 279 - c and c++\group project\project code\task list\task list\task list\task.h(17): error C2238: unexpected token(s) preceding ';'
d:\documents\salem fall 2019\csc 279 - c and c++\group project\project code\task list\task list\task list\menu.h(26): error C2061: syntax error: identifier 'Task'
  Generating Code...
